[LOG] Manager::init                            : maxchannels = 1024 studioflags = 00000009 flags 00000000 extradriverdata 0000000000000000.
[LOG] SystemI::init                            : FMOD Studio Version: 00010904 (86084)
[LOG] SystemI::init                            : maxchannels = 1024, flags = 00030000, extradriverdata = 0000000000000000
[LOG] SystemI::setOutputInternal               : Setting output to type 0
[LOG] SystemI::setOutputInternal               : Setting output to type 8
[LOG] SystemI::setOutputInternal               : Setting output to type 8
[LOG] OutputWASAPI::init                       : Mix Format (WAVEFORMATEX): wFormatTag=0xFFFE, nChannels=2, nSamplesPerSec=48000, nAvgBytesPerSec=384000, nBlockAlign=8, wBitsPerSample=32, cbSize=22.
[LOG] OutputWASAPI::init                       : Mix Format (WAVEFORMATEXTENSIBLE): wValidBitsPerSample=32, dwChannelMask=0x00000003, SubFormat=00000003-0000-0010-8000-00AA00389B71.
[LOG] OutputWASAPI::init                       : Output buffer size: 4096 samples, latency: 0.00ms, period: 10.00ms, DSP buffer: 1024 * 4
[LOG] SystemI::init                            : Create master channel group and master sound group.
[LOG] SystemI::init                            : Set up emulated output.  1024 channels
[LOG] SystemI::init                            : create the channel pool
[LOG] SystemI::init                            : create the stream thread
[LOG] Thread::initThread                       : Init FMOD stream thread. Priority: 2, Stack Size: 65536, Semaphore: No, Sleep Time: 10, Looping: Yes.
[LOG] SystemI::DSPCodecPoolRegister            : register codec pool for pool type 5
[LOG] Thread::initThread                       : Init FMOD mixer thread. Priority: 3, Stack Size: 49152, Semaphore: No, Sleep Time: 0, Looping: Yes.
[LOG] AsyncManager::init                       : manager 000000002C0CD9A8 isAsync 1 updatePeriod 0.02
[LOG] Thread::initThread                       : Init FMOD Studio update thread. Priority: 0, Stack Size: 65536, Semaphore: No, Sleep Time: 1, Looping: No.
[LOG] AsyncManager::init                       : done
[LOG] PlaybackSystem::init                     : 
[LOG] Thread::initThread                       : Init FMOD Studio sample load thread. Priority: 0, Stack Size: 65536, Semaphore: No, Sleep Time: 1, Looping: No.
[LOG] PlaybackSystem::init                     : done
[LOG] LiveUpdate::init                         : 
[LOG] Thread::initThread                       : Init FMOD Studio bank load thread. Priority: 0, Stack Size: 65536, Semaphore: No, Sleep Time: 1, Looping: No.
[LOG] Manager::init                            : done.
[LOG] Profile::init                            : Profiler listening on port: 9264
[LOG] Manager::readBank                        : fileversion = 88, compatVersion = 86 (oldest = 44, newest = 88)
[LOG] Manager::readBank                        : fileversion = 88, compatVersion = 86 (oldest = 44, newest = 88)
[LOG] PlaybackSystem::acquireMasterBus         : Setting master channel group format to 3
[LOG] SystemI::createSoundInternal             : filename =  : mode 02000202
[LOG] SystemI::createSoundInternal             : exinfo->cbsize             = 232
[LOG] SystemI::createSoundInternal             : exinfo->length             = 97799744
[LOG] SystemI::createSoundInternal             : exinfo->fileoffset         = 24736
[LOG] SystemI::createSoundInternal             : exinfo->numsubsounds       = 1
[LOG] SystemI::createSoundInternal             : exinfo->inclusionlist      = 000000006CC0FBF8
[LOG] SystemI::createSoundInternal             : exinfo->inclusionlistnum   = 1
[LOG] SystemI::createSoundInternal             : exinfo->suggestedsoundtype = 5
[LOG] SystemI::createSoundInternal             : exinfo->useropen           = 00007FFE51566730
[LOG] SystemI::createSoundInternal             : exinfo->userclose          = 00007FFE51566700
[LOG] SystemI::createSoundInternal             : exinfo->userread           = 00007FFE51566800
[LOG] SystemI::createSoundInternal             : exinfo->userseek           = 00007FFE515668B0
[LOG] SystemI::createSoundInternal             : exinfo->fileuserdata       = 000000003E241128
[LOG] SystemI::createSoundInternal             : Format has 1 subsounds.
[LOG] SystemI::createSoundInternal             : Create as FMOD_CREATESAMPLE
[LOG] SystemI::createSoundInternal             : Multi-sample sound (1 subsounds), create a sample container.
[LOG] SystemI::createSoundInternal             : creating subsound 0/1
[LOG] SystemI::createSample                    : mode 02000002 length 127293 samples, lengthbytes 509248
[LOG] SystemI::createSample                    : channels = 2
[LOG] SystemI::createSample                    : output = 000000001135AF18
[LOG] OutputSoftware::createSample             : lengthpcm 127293, lengthbytes 509248, channels 2, format 2, freq 48000, mode 0200000a
[LOG] SystemI::createSoundInternal             : No name found in file, use filename.
[LOG] SystemI::createSoundInternal             : done.  OpenState now = FMOD_OPENSTATE_READY.

[LOG] SystemI::createSoundInternal             : filename =  : mode 02000202
[LOG] SystemI::createSoundInternal             : exinfo->cbsize             = 232
[LOG] SystemI::createSoundInternal             : exinfo->length             = 97799744
[LOG] SystemI::createSoundInternal             : exinfo->fileoffset         = 24736
[LOG] SystemI::createSoundInternal             : exinfo->numsubsounds       = 1
[LOG] SystemI::createSoundInternal             : exinfo->inclusionlist      = 000000006CC0FBF8
[LOG] SystemI::createSoundInternal             : exinfo->inclusionlistnum   = 1
[LOG] SystemI::createSoundInternal             : exinfo->suggestedsoundtype = 5
[LOG] SystemI::createSoundInternal             : exinfo->useropen           = 00007FFE51566730
[LOG] SystemI::createSoundInternal             : exinfo->userclose          = 00007FFE51566700
[LOG] SystemI::createSoundInternal             : exinfo->userread           = 00007FFE51566800
[LOG] SystemI::createSoundInternal             : exinfo->userseek           = 00007FFE515668B0
[LOG] SystemI::createSoundInternal             : exinfo->fileuserdata       = 000000003E241128
[LOG] SystemI::createSoundInternal             : Format has 1 subsounds.
[LOG] SystemI::createSoundInternal             : Create as FMOD_CREATESAMPLE
[LOG] SystemI::createSoundInternal             : Multi-sample sound (1 subsounds), create a sample container.
[LOG] SystemI::createSoundInternal             : creating subsound 0/1
[LOG] SystemI::createSample                    : mode 02000002 length 127292 samples, lengthbytes 509248
[LOG] SystemI::createSample                    : channels = 2
[LOG] SystemI::createSample                    : output = 000000001135AF18
[LOG] OutputSoftware::createSample             : lengthpcm 127292, lengthbytes 509248, channels 2, format 2, freq 48000, mode 0200000a
[LOG] SystemI::createSoundInternal             : No name found in file, use filename.
[LOG] SystemI::createSoundInternal             : done.  OpenState now = FMOD_OPENSTATE_READY.

[LOG] SystemI::createSoundInternal             : filename =  : mode 02000202
[LOG] SystemI::createSoundInternal             : exinfo->cbsize             = 232
[LOG] SystemI::createSoundInternal             : exinfo->length             = 97799744
[LOG] SystemI::createSoundInternal             : exinfo->fileoffset         = 24736
[LOG] SystemI::createSoundInternal             : exinfo->numsubsounds       = 1
[LOG] SystemI::createSoundInternal             : exinfo->inclusionlist      = 000000006CC0FBF8
[LOG] SystemI::createSoundInternal             : exinfo->inclusionlistnum   = 1
[LOG] SystemI::createSoundInternal             : exinfo->suggestedsoundtype = 5
[LOG] SystemI::createSoundInternal             : exinfo->useropen           = 00007FFE51566730
[LOG] SystemI::createSoundInternal             : exinfo->userclose          = 00007FFE51566700
[LOG] SystemI::createSoundInternal             : exinfo->userread           = 00007FFE51566800
[LOG] SystemI::createSoundInternal             : exinfo->userseek           = 00007FFE515668B0
[LOG] SystemI::createSoundInternal             : exinfo->fileuserdata       = 000000003E241128
[LOG] SystemI::createSoundInternal             : Format has 1 subsounds.
[LOG] SystemI::createSoundInternal             : Create as FMOD_CREATESAMPLE
[LOG] SystemI::createSoundInternal             : Multi-sample sound (1 subsounds), create a sample container.
[LOG] SystemI::createSoundInternal             : creating subsound 0/1
[LOG] SystemI::createSample                    : mode 02000002 length 34491 samples, lengthbytes 138048
[LOG] SystemI::createSample                    : channels = 2
[LOG] SystemI::createSample                    : output = 000000001135AF18
[LOG] OutputSoftware::createSample             : lengthpcm 34491, lengthbytes 138048, channels 2, format 2, freq 48000, mode 0200000a
[LOG] SystemI::createSoundInternal             : No name found in file, use filename.
[LOG] SystemI::createSoundInternal             : done.  OpenState now = FMOD_OPENSTATE_READY.

[LOG] SystemI::createSoundInternal             : filename =  : mode 02000202
[LOG] SystemI::createSoundInternal             : exinfo->cbsize             = 232
[LOG] SystemI::createSoundInternal             : exinfo->length             = 97799744
[LOG] SystemI::createSoundInternal             : exinfo->fileoffset         = 24736
[LOG] SystemI::createSoundInternal             : exinfo->numsubsounds       = 1
[LOG] SystemI::createSoundInternal             : exinfo->inclusionlist      = 000000006CC0FBF8
[LOG] SystemI::createSoundInternal             : exinfo->inclusionlistnum   = 1
[LOG] SystemI::createSoundInternal             : exinfo->suggestedsoundtype = 5
[LOG] SystemI::createSoundInternal             : exinfo->useropen           = 00007FFE51566730
[LOG] SystemI::createSoundInternal             : exinfo->userclose          = 00007FFE51566700
[LOG] SystemI::createSoundInternal             : exinfo->userread           = 00007FFE51566800
[LOG] SystemI::createSoundInternal             : exinfo->userseek           = 00007FFE515668B0
[LOG] SystemI::createSoundInternal             : exinfo->fileuserdata       = 000000003E241128
[LOG] SystemI::createSoundInternal             : Format has 1 subsounds.
[LOG] SystemI::createSoundInternal             : Create as FMOD_CREATESAMPLE
[LOG] SystemI::createSoundInternal             : Multi-sample sound (1 subsounds), create a sample container.
[LOG] SystemI::createSoundInternal             : creating subsound 0/1
[LOG] SystemI::createSample                    : mode 02000002 length 96970 samples, lengthbytes 387968
[LOG] SystemI::createSample                    : channels = 2
[LOG] SystemI::createSample                    : output = 000000001135AF18
[LOG] OutputSoftware::createSample             : lengthpcm 96970, lengthbytes 387968, channels 2, format 2, freq 48000, mode 0200000a
[LOG] SystemI::createSoundInternal             : No name found in file, use filename.
[LOG] SystemI::createSoundInternal             : done.  OpenState now = FMOD_OPENSTATE_READY.

[LOG] SystemI::createSoundInternal             : filename =  : mode 02000202
[LOG] SystemI::createSoundInternal             : exinfo->cbsize             = 232
[LOG] SystemI::createSoundInternal             : exinfo->length             = 97799744
[LOG] SystemI::createSoundInternal             : exinfo->fileoffset         = 24736
[LOG] SystemI::createSoundInternal             : exinfo->numsubsounds       = 1
[LOG] SystemI::createSoundInternal             : exinfo->inclusionlist      = 000000006CC0FBF8
[LOG] SystemI::createSoundInternal             : exinfo->inclusionlistnum   = 1
[LOG] SystemI::createSoundInternal             : exinfo->suggestedsoundtype = 5
[LOG] SystemI::createSoundInternal             : exinfo->useropen           = 00007FFE51566730
[LOG] SystemI::createSoundInternal             : exinfo->userclose          = 00007FFE51566700
[LOG] SystemI::createSoundInternal             : exinfo->userread           = 00007FFE51566800
[LOG] SystemI::createSoundInternal             : exinfo->userseek           = 00007FFE515668B0
[LOG] SystemI::createSoundInternal             : exinfo->fileuserdata       = 000000003E241128
[LOG] SystemI::createSoundInternal             : Format has 1 subsounds.
[LOG] SystemI::createSoundInternal             : Create as FMOD_CREATESAMPLE
[LOG] SystemI::createSoundInternal             : Multi-sample sound (1 subsounds), create a sample container.
[LOG] SystemI::createSoundInternal             : creating subsound 0/1
[LOG] SystemI::createSample                    : mode 02000002 length 318232 samples, lengthbytes 1272992
[LOG] SystemI::createSample                    : channels = 2
[LOG] SystemI::createSample                    : output = 000000001135AF18
[LOG] OutputSoftware::createSample             : lengthpcm 318232, lengthbytes 1272992, channels 2, format 2, freq 48000, mode 0200000a
[LOG] SystemI::createSoundInternal             : No name found in file, use filename.
[LOG] SystemI::createSoundInternal             : done.  OpenState now = FMOD_OPENSTATE_READY.

[LOG] SystemI::createSoundInternal             : filename =  : mode 02000202
[LOG] SystemI::createSoundInternal             : exinfo->cbsize             = 232
[LOG] SystemI::createSoundInternal             : exinfo->length             = 97799744
[LOG] SystemI::createSoundInternal             : exinfo->fileoffset         = 24736
[LOG] SystemI::createSoundInternal             : exinfo->numsubsounds       = 1
[LOG] SystemI::createSoundInternal             : exinfo->inclusionlist      = 000000006CC0FBF8
[LOG] SystemI::createSoundInternal             : exinfo->inclusionlistnum   = 1
[LOG] SystemI::createSoundInternal             : exinfo->suggestedsoundtype = 5
[LOG] SystemI::createSoundInternal             : exinfo->useropen           = 00007FFE51566730
[LOG] SystemI::createSoundInternal             : exinfo->userclose          = 00007FFE51566700
[LOG] SystemI::createSoundInternal             : exinfo->userread           = 00007FFE51566800
[LOG] SystemI::createSoundInternal             : exinfo->userseek           = 00007FFE515668B0
[LOG] SystemI::createSoundInternal             : exinfo->fileuserdata       = 000000003E241128
[LOG] SystemI::createSoundInternal             : Format has 1 subsounds.
[LOG] SystemI::createSoundInternal             : Create as FMOD_CREATESAMPLE
[LOG] SystemI::createSoundInternal             : Multi-sample sound (1 subsounds), create a sample container.
[LOG] SystemI::createSoundInternal             : creating subsound 0/1
[LOG] SystemI::createSample                    : mode 02000002 length 4073370 samples, lengthbytes 16293568
[LOG] SystemI::createSample                    : channels = 2
[LOG] SystemI::createSample                    : output = 000000001135AF18
[LOG] OutputSoftware::createSample             : lengthpcm 4073370, lengthbytes 16293568, channels 2, format 2, freq 48000, mode 0200000a
[LOG] SystemI::createSoundInternal             : No name found in file, use filename.
[LOG] SystemI::createSoundInternal             : done.  OpenState now = FMOD_OPENSTATE_READY.

[LOG] SystemI::createSoundInternal             : filename =  : mode 02000202
[LOG] SystemI::createSoundInternal             : exinfo->cbsize             = 232
[LOG] SystemI::createSoundInternal             : exinfo->length             = 97799744
[LOG] SystemI::createSoundInternal             : exinfo->fileoffset         = 24736
[LOG] SystemI::createSoundInternal             : exinfo->numsubsounds       = 1
[LOG] SystemI::createSoundInternal             : exinfo->inclusionlist      = 000000006CC0FBF8
[LOG] SystemI::createSoundInternal             : exinfo->inclusionlistnum   = 1
[LOG] SystemI::createSoundInternal             : exinfo->suggestedsoundtype = 5
[LOG] SystemI::createSoundInternal             : exinfo->useropen           = 00007FFE51566730
[LOG] SystemI::createSoundInternal             : exinfo->userclose          = 00007FFE51566700
[LOG] SystemI::createSoundInternal             : exinfo->userread           = 00007FFE51566800
[LOG] SystemI::createSoundInternal             : exinfo->userseek           = 00007FFE515668B0
[LOG] SystemI::createSoundInternal             : exinfo->fileuserdata       = 000000003E241128
[LOG] SystemI::createSoundInternal             : Format has 1 subsounds.
[LOG] SystemI::createSoundInternal             : Create as FMOD_CREATESAMPLE
[LOG] SystemI::createSoundInternal             : Multi-sample sound (1 subsounds), create a sample container.
[LOG] SystemI::createSoundInternal             : creating subsound 0/1
[LOG] SystemI::createSample                    : mode 02000002 length 285039 samples, lengthbytes 1140224
[LOG] SystemI::createSample                    : channels = 2
[LOG] SystemI::createSample                    : output = 000000001135AF18
[LOG] OutputSoftware::createSample             : lengthpcm 285039, lengthbytes 1140224, channels 2, format 2, freq 48000, mode 0200000a
[LOG] SystemI::createSoundInternal             : No name found in file, use filename.
[LOG] SystemI::createSoundInternal             : done.  OpenState now = FMOD_OPENSTATE_READY.

[LOG] SystemI::createSound                     : filename = Assets\Knifeheart 5.15.2017\Build\Desktop/Master Bank.bank : mode 02012082
[LOG] SystemI::createSound                     : FMOD_NONBLOCKING specified.  Putting into queue to be opened asynchronously!
[LOG] Thread::initThread                       : Init FMOD nonblocking thread (0). Priority: 1, Stack Size: 81920, Semaphore: Yes, Sleep Time: 0, Looping: Yes.
[LOG] SystemI::createSound                     : setdata soundi = 000000002C955088 : node = 000000002C0326E0
[LOG] SystemI::createSound                     : add node to async list : head = 000000001AD93718.  list count = 0
[LOG] AsyncThread::threadFunc                  : Starting Asynchronous operation on sound 000000002C955088
[LOG] SystemI::createSoundInternal             :     filename = Assets\Knifeheart 5.15.2017\Build\Desktop/Master Bank.bank : mode 02012082
[LOG] SystemI::createSoundInternal             :     exinfo->cbsize             = 232
[LOG] SystemI::createSoundInternal             :     exinfo->length             = 97799744
[LOG] SystemI::createSoundInternal             :     exinfo->fileoffset         = 24736
[LOG] SystemI::createSoundInternal             :     exinfo->numsubsounds       = 1
[LOG] SystemI::createSoundInternal             :     exinfo->inclusionlist      = 000000002C0327F8
[LOG] SystemI::createSoundInternal             :     exinfo->inclusionlistnum   = 1
[LOG] SystemI::createSoundInternal             :     exinfo->suggestedsoundtype = 5
[LOG] SystemI::createSoundInternal             :     Format has 1 subsounds.
[LOG] SystemI::createSoundInternal             :     Create as FMOD_CREATESTREAM
[LOG] System::createSoundInternal              :     decode buffersize = 19200 : blocksize = 256 : format = 2
[LOG] SystemI::createSample                    :     mode 02012082 length 19200 samples, lengthbytes 4414912
[LOG] SystemI::createSample                    :     channels = 2
[LOG] SystemI::createSample                    :     output = 000000001135AF18
[LOG] OutputSoftware::createSample             :     lengthpcm 19200, lengthbytes 4414912, channels 2, format 2, freq 48000, mode 0201208a
[LOG] System::createSoundInternal              :     1 subsounds detected.
[LOG] System::createSoundInternal              :     Seek stream to start
[LOG] System::createSoundInternal              :     switch file handle from small blocking single buffered to large nonblocking doublebuffered.
[LOG] Thread::initThread                       :         Init FMOD file thread. Priority: 1, Stack Size: 16384, Semaphore: No, Sleep Time: 10, Looping: Yes.
[LOG] SystemI::createSoundInternal             :     done.  OpenState now = FMOD_OPENSTATE_READY.

[LOG] AsyncThread::threadFunc                  : Finished Asynchronous operation on sound 000000002C955088
[LOG] SoundI::getSubSound                      : sound 000000002C955088.  Subsound index 0 / 1
[LOG] SoundI::getSubSound                      : starting non blocking seek and setting sound to not ready state
[LOG] SoundI::getSubSound                      : finished preparing nonblocking getSubSound seek
[LOG] AsyncThread::threadFunc                  : Starting Asynchronous operation on sound 000000002C955238
[LOG] AsyncThread::threadFunc                  :     done setposition
[LOG] AsyncThread::threadFunc                  :     done flush
[LOG] AsyncThread::threadFunc                  : Finished Asynchronous operation on sound 000000002C955238
[LOG] AsyncThread::threadFunc                  : Starting Asynchronous operation on sound 000000002C955238
[LOG] AsyncThread::threadFunc                  : Finished Asynchronous operation on sound 000000002C955238
[LOG] SoundI::release                          :  (000000002C4A3C88)
[LOG] SoundI::release                          : release subsounds. (000000002C4A3C88)
[LOG] SoundI::release                          :     End of Battle1 (0000000000103988)
[LOG] SoundI::release                          :     done
[LOG] SoundI::release                          : release codec. (000000002C4A3C88)
[LOG] SoundI::release                          : done
[LOG] SoundI::release                          :  (000000002C4A5668)
[LOG] SoundI::release                          : release subsounds. (000000002C4A5668)
[LOG] SoundI::release                          :     Final Battle First.1 (000000001AD94FC8)
[LOG] SoundI::release                          :     done
[LOG] SoundI::release                          : release codec. (000000002C4A5668)
[LOG] SoundI::release                          : done
[LOG] SoundI::release                          :  (000000002C4A4C58)
[LOG] SoundI::release                          : release subsounds. (000000002C4A4C58)
[LOG] SoundI::release                          :     Final Battle Hell Transition {31677c29-0f25-4a09-9076-eebe6719bd90} (0000000000103648)
[LOG] SoundI::release                          :     done
[LOG] SoundI::release                          : release codec. (000000002C4A4C58)
[LOG] SoundI::release                          : done
[LOG] SoundI::release                          :  (000000002C4A4698)
[LOG] SoundI::release                          : release subsounds. (000000002C4A4698)
[LOG] SoundI::release                          :     To Parking Lot2 (2) (0000000000102E28)
[LOG] SoundI::release                          :     done
[LOG] SoundI::release                          : release codec. (000000002C4A4698)
[LOG] SoundI::release                          : done
[LOG] SoundI::release                          :  (000000002C4A4978)
[LOG] SoundI::release                          : release subsounds. (000000002C4A4978)
[LOG] SoundI::release                          :     Out of Battle 2 (000000001AD95168)
[LOG] SoundI::release                          :     done
[LOG] SoundI::release                          : release codec. (000000002C4A4978)
[LOG] SoundI::release                          : done
[LOG] SoundI::release                          :  (000000002C4A4248)
[LOG] SoundI::release                          : release subsounds. (000000002C4A4248)
[LOG] SoundI::release                          :     start battle sting2 (00000000001027A8)
[LOG] SoundI::release                          :     done
[LOG] SoundI::release                          : release codec. (000000002C4A4248)
[LOG] SoundI::release                          : done
[LOG] SoundI::release                          : Visual Novel1 (000000002C955088)
[LOG] SoundI::release                          : remove stream samples. (000000002C955088)
[LOG] SoundI::release                          :     Visual Novel1 (000000001AD93908)
[LOG] SoundI::release                          :     done
[LOG] SoundI::release                          : release subsounds. (000000002C955088)
[LOG] SoundI::release                          :     Visual Novel1 (000000002C955238)
[LOG] SoundI::release                          :     done
[LOG] SoundI::release                          : release codec. (000000002C955088)
[LOG] SoundI::release                          : done
[LOG] SoundI::release                          :  (000000002C4A54F8)
[LOG] SoundI::release                          : release subsounds. (000000002C4A54F8)
[LOG] SoundI::release                          :     Out of Battle1b (0000000000102608)
[LOG] SoundI::release                          :     done
[LOG] SoundI::release                          : release codec. (000000002C4A54F8)
[LOG] SoundI::release                          : done
[LOG] Thread::callback                         : FMOD Studio update thread finished.
[LOG] Thread::callback                         : FMOD Studio bank load thread finished.
[LOG] Profile::disconnectAll                   : Profiler disconnecting all clients
[LOG] Thread::callback                         : FMOD Studio sample load thread finished.
[LOG] LiveUpdate::release                      : 
[LOG] LiveUpdate::reset                        : Reset connection (reason Disconnected)
[LOG] SystemI::close                           : 
[LOG] SystemI::close                           : Stop all sounds
[LOG] Thread::callback                         : FMOD stream thread finished.
[LOG] SystemI::close                           : Stream thread destroyed
[LOG] Thread::callback                         : FMOD mixer thread finished.
[LOG] SystemI::close                           : Free master channel group.
[LOG] SystemI::close                           : Remove 'master' sound group.
[LOG] SystemI::close                           : Free software output.
[LOG] SystemI::close                           : Free emulated output.
[LOG] SystemI::close                           : Free channel pool.
[LOG] Thread::callback                         : FMOD nonblocking thread (0) finished.
[LOG] Thread::callback                         : FMOD file thread finished.
[LOG] SystemI::close                           : done.

