[LOG] System::create                           : Header version = 1.09.04. Current version = 1.09.04.
[LOG] Manager::init                            : maxchannels = 256 studioflags = 00000006 flags 00000000 extradriverdata 0000000000000000.
[LOG] SystemI::init                            : FMOD Studio Version: 00010904 (86084)
[LOG] SystemI::init                            : maxchannels = 256, flags = 00020000, extradriverdata = 0000000000000000
[LOG] SystemI::setOutputInternal               : Setting output to type 0
[LOG] SystemI::setOutputInternal               : Setting output to type 8
[LOG] SystemI::setOutputInternal               : Setting output to type 8
[LOG] OutputWASAPI::init                       : Mix Format (WAVEFORMATEX): wFormatTag=0xFFFE, nChannels=2, nSamplesPerSec=48000, nAvgBytesPerSec=384000, nBlockAlign=8, wBitsPerSample=32, cbSize=22.
[LOG] OutputWASAPI::init                       : Mix Format (WAVEFORMATEXTENSIBLE): wValidBitsPerSample=32, dwChannelMask=0x00000003, SubFormat=00000003-0000-0010-8000-00AA00389B71.
[LOG] OutputWASAPI::init                       : Output buffer size: 4096 samples, latency: 0.00ms, period: 10.00ms, DSP buffer: 1024 * 4
[LOG] SystemI::init                            : Create master channel group and master sound group.
[LOG] SystemI::init                            : Set up emulated output.  256 channels
[LOG] SystemI::init                            : create the channel pool
[LOG] SystemI::init                            : create the stream thread
[LOG] Thread::initThread                       : Init FMOD stream thread. Priority: 2, Stack Size: 65536, Semaphore: No, Sleep Time: 10, Looping: Yes.
[LOG] Thread::initThread                       : Init FMOD mixer thread. Priority: 3, Stack Size: 49152, Semaphore: No, Sleep Time: 0, Looping: Yes.
[LOG] AsyncManager::init                       : manager 000000003FA44038 isAsync 0 updatePeriod 0.02
[LOG] AsyncManager::init                       : done
[LOG] PlaybackSystem::init                     : 
[LOG] Thread::initThread                       : Init FMOD Studio sample load thread. Priority: 0, Stack Size: 65536, Semaphore: No, Sleep Time: 1, Looping: No.
[LOG] PlaybackSystem::init                     : done
[LOG] Thread::initThread                       : Init FMOD Studio bank load thread. Priority: 0, Stack Size: 65536, Semaphore: No, Sleep Time: 1, Looping: No.
[LOG] Manager::init                            : done.
[LOG] Manager::readBank                        : fileversion = 88, compatVersion = 86 (oldest = 44, newest = 88)
[LOG] PlaybackSystem::acquireMasterBus         : Setting master channel group format to 3
[LOG] SystemI::createSoundInternal             : filename =  : mode 02000202
[LOG] SystemI::createSoundInternal             : exinfo->cbsize             = 232
[LOG] SystemI::createSoundInternal             : exinfo->length             = 97799744
[LOG] SystemI::createSoundInternal             : exinfo->fileoffset         = 24736
[LOG] SystemI::createSoundInternal             : exinfo->numsubsounds       = 1
[LOG] SystemI::createSoundInternal             : exinfo->inclusionlist      = 000000005F96FBF8
[LOG] SystemI::createSoundInternal             : exinfo->inclusionlistnum   = 1
[LOG] SystemI::createSoundInternal             : exinfo->suggestedsoundtype = 5
[LOG] SystemI::createSoundInternal             : exinfo->useropen           = 00007FFE6D536730
[LOG] SystemI::createSoundInternal             : exinfo->userclose          = 00007FFE6D536700
[LOG] SystemI::createSoundInternal             : exinfo->userread           = 00007FFE6D536800
[LOG] SystemI::createSoundInternal             : exinfo->userseek           = 00007FFE6D5368B0
[LOG] SystemI::createSoundInternal             : exinfo->fileuserdata       = 000000003F8A4F08
[LOG] SystemI::createSoundInternal             : Format has 1 subsounds.
[LOG] SystemI::createSoundInternal             : Create as FMOD_CREATESAMPLE
[LOG] SystemI::createSoundInternal             : Multi-sample sound (1 subsounds), create a sample container.
[LOG] SystemI::createSoundInternal             : creating subsound 0/1
[LOG] SystemI::createSample                    : mode 02000002 length 127293 samples, lengthbytes 509248
[LOG] SystemI::createSample                    : channels = 2
[LOG] SystemI::createSample                    : output = 000000002D6854B8
[LOG] OutputSoftware::createSample             : lengthpcm 127293, lengthbytes 509248, channels 2, format 2, freq 48000, mode 0200000a
[LOG] SystemI::createSoundInternal             : No name found in file, use filename.
[LOG] SystemI::createSoundInternal             : done.  OpenState now = FMOD_OPENSTATE_READY.

[LOG] SystemI::createSoundInternal             : filename =  : mode 02000202
[LOG] SystemI::createSoundInternal             : exinfo->cbsize             = 232
[LOG] SystemI::createSoundInternal             : exinfo->length             = 97799744
[LOG] SystemI::createSoundInternal             : exinfo->fileoffset         = 24736
[LOG] SystemI::createSoundInternal             : exinfo->numsubsounds       = 1
[LOG] SystemI::createSoundInternal             : exinfo->inclusionlist      = 000000005F96FBF8
[LOG] SystemI::createSoundInternal             : exinfo->inclusionlistnum   = 1
[LOG] SystemI::createSoundInternal             : exinfo->suggestedsoundtype = 5
[LOG] SystemI::createSoundInternal             : exinfo->useropen           = 00007FFE6D536730
[LOG] SystemI::createSoundInternal             : exinfo->userclose          = 00007FFE6D536700
[LOG] SystemI::createSoundInternal             : exinfo->userread           = 00007FFE6D536800
[LOG] SystemI::createSoundInternal             : exinfo->userseek           = 00007FFE6D5368B0
[LOG] SystemI::createSoundInternal             : exinfo->fileuserdata       = 000000003F8A4F08
[LOG] SystemI::createSoundInternal             : Format has 1 subsounds.
[LOG] SystemI::createSoundInternal             : Create as FMOD_CREATESAMPLE
[LOG] SystemI::createSoundInternal             : Multi-sample sound (1 subsounds), create a sample container.
[LOG] SystemI::createSoundInternal             : creating subsound 0/1
[LOG] SystemI::createSample                    : mode 02000002 length 127292 samples, lengthbytes 509248
[LOG] SystemI::createSample                    : channels = 2
[LOG] SystemI::createSample                    : output = 000000002D6854B8
[LOG] OutputSoftware::createSample             : lengthpcm 127292, lengthbytes 509248, channels 2, format 2, freq 48000, mode 0200000a
[LOG] SystemI::createSoundInternal             : No name found in file, use filename.
[LOG] SystemI::createSoundInternal             : done.  OpenState now = FMOD_OPENSTATE_READY.

[LOG] SystemI::createSoundInternal             : filename =  : mode 02000202
[LOG] SystemI::createSoundInternal             : exinfo->cbsize             = 232
[LOG] SystemI::createSoundInternal             : exinfo->length             = 97799744
[LOG] SystemI::createSoundInternal             : exinfo->fileoffset         = 24736
[LOG] SystemI::createSoundInternal             : exinfo->numsubsounds       = 1
[LOG] SystemI::createSoundInternal             : exinfo->inclusionlist      = 000000005F96FBF8
[LOG] SystemI::createSoundInternal             : exinfo->inclusionlistnum   = 1
[LOG] SystemI::createSoundInternal             : exinfo->suggestedsoundtype = 5
[LOG] SystemI::createSoundInternal             : exinfo->useropen           = 00007FFE6D536730
[LOG] SystemI::createSoundInternal             : exinfo->userclose          = 00007FFE6D536700
[LOG] SystemI::createSoundInternal             : exinfo->userread           = 00007FFE6D536800
[LOG] SystemI::createSoundInternal             : exinfo->userseek           = 00007FFE6D5368B0
[LOG] SystemI::createSoundInternal             : exinfo->fileuserdata       = 000000003F8A4F08
[LOG] SystemI::createSoundInternal             : Format has 1 subsounds.
[LOG] SystemI::createSoundInternal             : Create as FMOD_CREATESAMPLE
[LOG] SystemI::createSoundInternal             : Multi-sample sound (1 subsounds), create a sample container.
[LOG] SystemI::createSoundInternal             : creating subsound 0/1
[LOG] SystemI::createSample                    : mode 02000002 length 34491 samples, lengthbytes 138048
[LOG] SystemI::createSample                    : channels = 2
[LOG] SystemI::createSample                    : output = 000000002D6854B8
[LOG] OutputSoftware::createSample             : lengthpcm 34491, lengthbytes 138048, channels 2, format 2, freq 48000, mode 0200000a
[LOG] SystemI::createSoundInternal             : No name found in file, use filename.
[LOG] SystemI::createSoundInternal             : done.  OpenState now = FMOD_OPENSTATE_READY.

[LOG] SystemI::createSoundInternal             : filename =  : mode 02000202
[LOG] SystemI::createSoundInternal             : exinfo->cbsize             = 232
[LOG] SystemI::createSoundInternal             : exinfo->length             = 97799744
[LOG] SystemI::createSoundInternal             : exinfo->fileoffset         = 24736
[LOG] SystemI::createSoundInternal             : exinfo->numsubsounds       = 1
[LOG] SystemI::createSoundInternal             : exinfo->inclusionlist      = 000000005F96FBF8
[LOG] SystemI::createSoundInternal             : exinfo->inclusionlistnum   = 1
[LOG] SystemI::createSoundInternal             : exinfo->suggestedsoundtype = 5
[LOG] SystemI::createSoundInternal             : exinfo->useropen           = 00007FFE6D536730
[LOG] SystemI::createSoundInternal             : exinfo->userclose          = 00007FFE6D536700
[LOG] SystemI::createSoundInternal             : exinfo->userread           = 00007FFE6D536800
[LOG] SystemI::createSoundInternal             : exinfo->userseek           = 00007FFE6D5368B0
[LOG] SystemI::createSoundInternal             : exinfo->fileuserdata       = 000000003F8A4F08
[LOG] SystemI::createSoundInternal             : Format has 1 subsounds.
[LOG] SystemI::createSoundInternal             : Create as FMOD_CREATESAMPLE
[LOG] SystemI::createSoundInternal             : Multi-sample sound (1 subsounds), create a sample container.
[LOG] SystemI::createSoundInternal             : creating subsound 0/1
[LOG] SystemI::createSample                    : mode 02000002 length 96970 samples, lengthbytes 387968
[LOG] SystemI::createSample                    : channels = 2
[LOG] SystemI::createSample                    : output = 000000002D6854B8
[LOG] OutputSoftware::createSample             : lengthpcm 96970, lengthbytes 387968, channels 2, format 2, freq 48000, mode 0200000a
[LOG] SystemI::createSoundInternal             : No name found in file, use filename.
[LOG] SystemI::createSoundInternal             : done.  OpenState now = FMOD_OPENSTATE_READY.

[LOG] SystemI::createSoundInternal             : filename =  : mode 02000202
[LOG] SystemI::createSoundInternal             : exinfo->cbsize             = 232
[LOG] SystemI::createSoundInternal             : exinfo->length             = 97799744
[LOG] SystemI::createSoundInternal             : exinfo->fileoffset         = 24736
[LOG] SystemI::createSoundInternal             : exinfo->numsubsounds       = 1
[LOG] SystemI::createSoundInternal             : exinfo->inclusionlist      = 000000005F96FBF8
[LOG] SystemI::createSoundInternal             : exinfo->inclusionlistnum   = 1
[LOG] SystemI::createSoundInternal             : exinfo->suggestedsoundtype = 5
[LOG] SystemI::createSoundInternal             : exinfo->useropen           = 00007FFE6D536730
[LOG] SystemI::createSoundInternal             : exinfo->userclose          = 00007FFE6D536700
[LOG] SystemI::createSoundInternal             : exinfo->userread           = 00007FFE6D536800
[LOG] SystemI::createSoundInternal             : exinfo->userseek           = 00007FFE6D5368B0
[LOG] SystemI::createSoundInternal             : exinfo->fileuserdata       = 000000003F8A4F08
[LOG] SystemI::createSoundInternal             : Format has 1 subsounds.
[LOG] SystemI::createSoundInternal             : Create as FMOD_CREATESAMPLE
[LOG] SystemI::createSoundInternal             : Multi-sample sound (1 subsounds), create a sample container.
[LOG] SystemI::createSoundInternal             : creating subsound 0/1
[LOG] SystemI::createSample                    : mode 02000002 length 318232 samples, lengthbytes 1272992
[LOG] SystemI::createSample                    : channels = 2
[LOG] SystemI::createSample                    : output = 000000002D6854B8
[LOG] OutputSoftware::createSample             : lengthpcm 318232, lengthbytes 1272992, channels 2, format 2, freq 48000, mode 0200000a
[LOG] SystemI::createSoundInternal             : No name found in file, use filename.
[LOG] SystemI::createSoundInternal             : done.  OpenState now = FMOD_OPENSTATE_READY.

[LOG] SystemI::createSoundInternal             : filename =  : mode 02000202
[LOG] SystemI::createSoundInternal             : exinfo->cbsize             = 232
[LOG] SystemI::createSoundInternal             : exinfo->length             = 97799744
[LOG] SystemI::createSoundInternal             : exinfo->fileoffset         = 24736
[LOG] SystemI::createSoundInternal             : exinfo->numsubsounds       = 1
[LOG] SystemI::createSoundInternal             : exinfo->inclusionlist      = 000000005F96FBF8
[LOG] SystemI::createSoundInternal             : exinfo->inclusionlistnum   = 1
[LOG] SystemI::createSoundInternal             : exinfo->suggestedsoundtype = 5
[LOG] SystemI::createSoundInternal             : exinfo->useropen           = 00007FFE6D536730
[LOG] SystemI::createSoundInternal             : exinfo->userclose          = 00007FFE6D536700
[LOG] SystemI::createSoundInternal             : exinfo->userread           = 00007FFE6D536800
[LOG] SystemI::createSoundInternal             : exinfo->userseek           = 00007FFE6D5368B0
[LOG] SystemI::createSoundInternal             : exinfo->fileuserdata       = 000000003F8A4F08
[LOG] SystemI::createSoundInternal             : Format has 1 subsounds.
[LOG] SystemI::createSoundInternal             : Create as FMOD_CREATESAMPLE
[LOG] SystemI::createSoundInternal             : Multi-sample sound (1 subsounds), create a sample container.
[LOG] SystemI::createSoundInternal             : creating subsound 0/1
[LOG] SystemI::createSample                    : mode 02000002 length 4073370 samples, lengthbytes 16293568
[LOG] SystemI::createSample                    : channels = 2
[LOG] SystemI::createSample                    : output = 000000002D6854B8
[LOG] OutputSoftware::createSample             : lengthpcm 4073370, lengthbytes 16293568, channels 2, format 2, freq 48000, mode 0200000a
[LOG] SystemI::createSoundInternal             : No name found in file, use filename.
[LOG] SystemI::createSoundInternal             : done.  OpenState now = FMOD_OPENSTATE_READY.

[LOG] SystemI::createSoundInternal             : filename =  : mode 02000202
[LOG] SystemI::createSoundInternal             : exinfo->cbsize             = 232
[LOG] SystemI::createSoundInternal             : exinfo->length             = 97799744
[LOG] SystemI::createSoundInternal             : exinfo->fileoffset         = 24736
[LOG] SystemI::createSoundInternal             : exinfo->numsubsounds       = 1
[LOG] SystemI::createSoundInternal             : exinfo->inclusionlist      = 000000005F96FBF8
[LOG] SystemI::createSoundInternal             : exinfo->inclusionlistnum   = 1
[LOG] SystemI::createSoundInternal             : exinfo->suggestedsoundtype = 5
[LOG] SystemI::createSoundInternal             : exinfo->useropen           = 00007FFE6D536730
[LOG] SystemI::createSoundInternal             : exinfo->userclose          = 00007FFE6D536700
[LOG] SystemI::createSoundInternal             : exinfo->userread           = 00007FFE6D536800
[LOG] SystemI::createSoundInternal             : exinfo->userseek           = 00007FFE6D5368B0
[LOG] SystemI::createSoundInternal             : exinfo->fileuserdata       = 000000003F8A4F08
[LOG] SystemI::createSoundInternal             : Format has 1 subsounds.
[LOG] SystemI::createSoundInternal             : Create as FMOD_CREATESAMPLE
[LOG] SystemI::createSoundInternal             : Multi-sample sound (1 subsounds), create a sample container.
[LOG] SystemI::createSoundInternal             : creating subsound 0/1
[LOG] SystemI::createSample                    : mode 02000002 length 285039 samples, lengthbytes 1140224
[LOG] SystemI::createSample                    : channels = 2
[LOG] SystemI::createSample                    : output = 000000002D6854B8
[LOG] OutputSoftware::createSample             : lengthpcm 285039, lengthbytes 1140224, channels 2, format 2, freq 48000, mode 0200000a
[LOG] SystemI::createSoundInternal             : No name found in file, use filename.
[LOG] SystemI::createSoundInternal             : done.  OpenState now = FMOD_OPENSTATE_READY.

[LOG] SystemI::createSound                     : filename = C:\Users\dmf46\Desktop\MyProjects\ProofOfConceptv2\Assets\Knifeheart 5.15.2017\Build\Desktop\Master Bank.bank : mode 02012082
[LOG] SystemI::createSound                     : FMOD_NONBLOCKING specified.  Putting into queue to be opened asynchronously!
[LOG] Thread::initThread                       : Init FMOD nonblocking thread (0). Priority: 1, Stack Size: 81920, Semaphore: Yes, Sleep Time: 0, Looping: Yes.
[LOG] SystemI::createSound                     : setdata soundi = 000000000081F588 : node = 0000000011AC5C40
[LOG] SystemI::createSound                     : add node to async list : head = 000000002D68C1D8.  list count = 0
[LOG] AsyncThread::threadFunc                  : Starting Asynchronous operation on sound 000000000081F588
[LOG] SystemI::createSoundInternal             :     filename = C:\Users\dmf46\Desktop\MyProjects\ProofOfConceptv2\Assets\Knifeheart 5.15.2017\Build\Desktop\Master Bank.bank : mode 02012082
[LOG] SystemI::createSoundInternal             :     exinfo->cbsize             = 232
[LOG] SystemI::createSoundInternal             :     exinfo->length             = 97799744
[LOG] SystemI::createSoundInternal             :     exinfo->fileoffset         = 24736
[LOG] SystemI::createSoundInternal             :     exinfo->numsubsounds       = 1
[LOG] SystemI::createSoundInternal             :     exinfo->inclusionlist      = 0000000011AC5D58
[LOG] SystemI::createSoundInternal             :     exinfo->inclusionlistnum   = 1
[LOG] SystemI::createSoundInternal             :     exinfo->suggestedsoundtype = 5
[LOG] SystemI::createSoundInternal             :     Format has 1 subsounds.
[LOG] SystemI::createSoundInternal             :     Create as FMOD_CREATESTREAM
[LOG] System::createSoundInternal              :     decode buffersize = 19200 : blocksize = 256 : format = 2
[LOG] SystemI::createSample                    :     mode 02012082 length 19200 samples, lengthbytes 4414912
[LOG] SystemI::createSample                    :     channels = 2
[LOG] SystemI::createSample                    :     output = 000000002D6854B8
[LOG] OutputSoftware::createSample             :     lengthpcm 19200, lengthbytes 4414912, channels 2, format 2, freq 48000, mode 0201208a
[LOG] System::createSoundInternal              :     1 subsounds detected.
[LOG] System::createSoundInternal              :     Seek stream to start
[LOG] System::createSoundInternal              :     switch file handle from small blocking single buffered to large nonblocking doublebuffered.
[LOG] Thread::initThread                       :         Init FMOD file thread. Priority: 1, Stack Size: 16384, Semaphore: No, Sleep Time: 10, Looping: Yes.
[LOG] SystemI::createSoundInternal             :     done.  OpenState now = FMOD_OPENSTATE_READY.

[LOG] AsyncThread::threadFunc                  : Finished Asynchronous operation on sound 000000000081F588
[LOG] SoundI::getSubSound                      : sound 000000000081F588.  Subsound index 0 / 1
[LOG] SoundI::getSubSound                      : starting non blocking seek and setting sound to not ready state
[LOG] SoundI::getSubSound                      : finished preparing nonblocking getSubSound seek
[LOG] AsyncThread::threadFunc                  : Starting Asynchronous operation on sound 000000002DB54038
[LOG] AsyncThread::threadFunc                  :     done setposition
[LOG] AsyncThread::threadFunc                  :     done flush
[LOG] AsyncThread::threadFunc                  : Finished Asynchronous operation on sound 000000002DB54038
[LOG] AsyncThread::threadFunc                  : Starting Asynchronous operation on sound 000000002DB54038
[LOG] AsyncThread::threadFunc                  : Finished Asynchronous operation on sound 000000002DB54038
[LOG] SoundI::release                          : Visual Novel1 (000000000081F588)
[LOG] SoundI::release                          : remove stream samples. (000000000081F588)
[LOG] SoundI::release                          :     Visual Novel1 (000000002D68BA08)
[LOG] SoundI::release                          :     done
[LOG] SoundI::release                          : release subsounds. (000000000081F588)
[LOG] SoundI::release                          :     Visual Novel1 (000000002DB54038)
[LOG] SoundI::release                          :     done
[LOG] SoundI::release                          : release codec. (000000000081F588)
[LOG] SoundI::release                          : done
[LOG] SystemI::createSound                     : filename = C:\Users\dmf46\Desktop\MyProjects\ProofOfConceptv2\Assets\Knifeheart 5.15.2017\Build\Desktop\Master Bank.bank : mode 02012082
[LOG] SystemI::createSound                     : FMOD_NONBLOCKING specified.  Putting into queue to be opened asynchronously!
[LOG] SystemI::createSound                     : setdata soundi = 000000000081F588 : node = 0000000011AC5C40
[LOG] SystemI::createSound                     : add node to async list : head = 000000002D68C1D8.  list count = 0
[LOG] AsyncThread::threadFunc                  : Starting Asynchronous operation on sound 000000000081F588
[LOG] SystemI::createSoundInternal             :     filename = C:\Users\dmf46\Desktop\MyProjects\ProofOfConceptv2\Assets\Knifeheart 5.15.2017\Build\Desktop\Master Bank.bank : mode 02012082
[LOG] SystemI::createSoundInternal             :     exinfo->cbsize             = 232
[LOG] SystemI::createSoundInternal             :     exinfo->length             = 97799744
[LOG] SystemI::createSoundInternal             :     exinfo->fileoffset         = 24736
[LOG] SystemI::createSoundInternal             :     exinfo->numsubsounds       = 1
[LOG] SystemI::createSoundInternal             :     exinfo->inclusionlist      = 0000000011AC5D58
[LOG] SystemI::createSoundInternal             :     exinfo->inclusionlistnum   = 1
[LOG] SystemI::createSoundInternal             :     exinfo->suggestedsoundtype = 5
[LOG] SystemI::createSoundInternal             :     Format has 1 subsounds.
[LOG] SystemI::createSoundInternal             :     Create as FMOD_CREATESTREAM
[LOG] System::createSoundInternal              :     decode buffersize = 19200 : blocksize = 256 : format = 2
[LOG] SystemI::createSample                    :     mode 02012082 length 19200 samples, lengthbytes 18901152
[LOG] SystemI::createSample                    :     channels = 2
[LOG] SystemI::createSample                    :     output = 000000002D6854B8
[LOG] OutputSoftware::createSample             :     lengthpcm 19200, lengthbytes 18901152, channels 2, format 2, freq 48000, mode 0201208a
[LOG] System::createSoundInternal              :     1 subsounds detected.
[LOG] System::createSoundInternal              :     Seek stream to start
[LOG] System::createSoundInternal              :     switch file handle from small blocking single buffered to large nonblocking doublebuffered.
[LOG] SystemI::createSoundInternal             :     done.  OpenState now = FMOD_OPENSTATE_READY.

[LOG] AsyncThread::threadFunc                  : Finished Asynchronous operation on sound 000000000081F588
[LOG] SoundI::getSubSound                      : sound 000000000081F588.  Subsound index 0 / 1
[LOG] SoundI::getSubSound                      : starting non blocking seek and setting sound to not ready state
[LOG] SoundI::getSubSound                      : finished preparing nonblocking getSubSound seek
[LOG] AsyncThread::threadFunc                  : Starting Asynchronous operation on sound 000000002DA20AD8
[LOG] AsyncThread::threadFunc                  :     done setposition
[LOG] AsyncThread::threadFunc                  :     done flush
[LOG] AsyncThread::threadFunc                  : Finished Asynchronous operation on sound 000000002DA20AD8
[LOG] AsyncThread::threadFunc                  : Starting Asynchronous operation on sound 000000002DA20AD8
[LOG] AsyncThread::threadFunc                  : Finished Asynchronous operation on sound 000000002DA20AD8
[LOG] AsyncThread::threadFunc                  : Starting Asynchronous operation on sound 000000002DA20AD8
[LOG] AsyncThread::threadFunc                  : Finished Asynchronous operation on sound 000000002DA20AD8
[LOG] SoundI::release                          : Waruguchi (Lvl 1) V2b (000000000081F588)
[LOG] SoundI::release                          : remove stream samples. (000000000081F588)
[LOG] SoundI::release                          :     Waruguchi (Lvl 1) V2b (000000002D68C228)
[LOG] SoundI::release                          :     done
[LOG] SoundI::release                          : release subsounds. (000000000081F588)
[LOG] SoundI::release                          :     Waruguchi (Lvl 1) V2b (000000002DA20AD8)
[LOG] SoundI::release                          :     done
[LOG] SoundI::release                          : release codec. (000000000081F588)
[LOG] SoundI::release                          : done
[LOG] SystemI::createSound                     : filename = C:\Users\dmf46\Desktop\MyProjects\ProofOfConceptv2\Assets\Knifeheart 5.15.2017\Build\Desktop\Master Bank.bank : mode 02012082
[LOG] SystemI::createSound                     : FMOD_NONBLOCKING specified.  Putting into queue to be opened asynchronously!
[LOG] SystemI::createSound                     : setdata soundi = 000000002DA20928 : node = 0000000011AC5C40
[LOG] SystemI::createSound                     : add node to async list : head = 000000002D68C1D8.  list count = 0
[LOG] AsyncThread::threadFunc                  : Starting Asynchronous operation on sound 000000002DA20928
[LOG] SystemI::createSoundInternal             :     filename = C:\Users\dmf46\Desktop\MyProjects\ProofOfConceptv2\Assets\Knifeheart 5.15.2017\Build\Desktop\Master Bank.bank : mode 02012082
[LOG] SystemI::createSoundInternal             :     exinfo->cbsize             = 232
[LOG] SystemI::createSoundInternal             :     exinfo->length             = 97799744
[LOG] SystemI::createSoundInternal             :     exinfo->fileoffset         = 24736
[LOG] SystemI::createSoundInternal             :     exinfo->numsubsounds       = 1
[LOG] SystemI::createSoundInternal             :     exinfo->inclusionlist      = 0000000011AC5D58
[LOG] SystemI::createSoundInternal             :     exinfo->inclusionlistnum   = 1
[LOG] SystemI::createSoundInternal             :     exinfo->suggestedsoundtype = 5
[LOG] SystemI::createSoundInternal             :     Format has 1 subsounds.
[LOG] SystemI::createSoundInternal             :     Create as FMOD_CREATESTREAM
[LOG] System::createSoundInternal              :     decode buffersize = 19200 : blocksize = 256 : format = 2
[LOG] SystemI::createSample                    :     mode 02012082 length 19200 samples, lengthbytes 4414912
[LOG] SystemI::createSample                    :     channels = 2
[LOG] SystemI::createSample                    :     output = 000000002D6854B8
[LOG] OutputSoftware::createSample             :     lengthpcm 19200, lengthbytes 4414912, channels 2, format 2, freq 48000, mode 0201208a
[LOG] System::createSoundInternal              :     1 subsounds detected.
[LOG] System::createSoundInternal              :     Seek stream to start
[LOG] System::createSoundInternal              :     switch file handle from small blocking single buffered to large nonblocking doublebuffered.
[LOG] SystemI::createSoundInternal             :     done.  OpenState now = FMOD_OPENSTATE_READY.

[LOG] AsyncThread::threadFunc                  : Finished Asynchronous operation on sound 000000002DA20928
[LOG] SoundI::getSubSound                      : sound 000000002DA20928.  Subsound index 0 / 1
[LOG] SoundI::getSubSound                      : starting non blocking seek and setting sound to not ready state
[LOG] SoundI::getSubSound                      : finished preparing nonblocking getSubSound seek
[LOG] AsyncThread::threadFunc                  : Starting Asynchronous operation on sound 000000002DA20C88
[LOG] AsyncThread::threadFunc                  :     done setposition
[LOG] AsyncThread::threadFunc                  :     done flush
[LOG] AsyncThread::threadFunc                  : Finished Asynchronous operation on sound 000000002DA20C88
[LOG] AsyncThread::threadFunc                  : Starting Asynchronous operation on sound 000000002DA20C88
[LOG] AsyncThread::threadFunc                  : Finished Asynchronous operation on sound 000000002DA20C88
[LOG] AsyncThread::threadFunc                  : Starting Asynchronous operation on sound 000000002DA20C88
[LOG] AsyncThread::threadFunc                  : Finished Asynchronous operation on sound 000000002DA20C88
[LOG] SoundI::release                          : Visual Novel1 (000000002DA20928)
[LOG] SoundI::release                          : remove stream samples. (000000002DA20928)
[LOG] SoundI::release                          :     Visual Novel1 (000000002D68C3C8)
[LOG] SoundI::release                          :     done
[LOG] SoundI::release                          : release subsounds. (000000002DA20928)
[LOG] SoundI::release                          :     Visual Novel1 (000000002DA20C88)
[LOG] SoundI::release                          :     done
[LOG] SoundI::release                          : release codec. (000000002DA20928)
[LOG] SoundI::release                          : done
[LOG] SystemI::createSound                     : filename = C:\Users\dmf46\Desktop\MyProjects\ProofOfConceptv2\Assets\Knifeheart 5.15.2017\Build\Desktop\Master Bank.bank : mode 02012082
[LOG] SystemI::createSound                     : FMOD_NONBLOCKING specified.  Putting into queue to be opened asynchronously!
[LOG] SystemI::createSound                     : setdata soundi = 000000002DA20778 : node = 0000000011AC5C40
[LOG] SystemI::createSound                     : add node to async list : head = 000000002D68C1D8.  list count = 0
[LOG] AsyncThread::threadFunc                  : Starting Asynchronous operation on sound 000000002DA20778
[LOG] SystemI::createSoundInternal             :     filename = C:\Users\dmf46\Desktop\MyProjects\ProofOfConceptv2\Assets\Knifeheart 5.15.2017\Build\Desktop\Master Bank.bank : mode 02012082
[LOG] SystemI::createSoundInternal             :     exinfo->cbsize             = 232
[LOG] SystemI::createSoundInternal             :     exinfo->length             = 97799744
[LOG] SystemI::createSoundInternal             :     exinfo->fileoffset         = 24736
[LOG] SystemI::createSoundInternal             :     exinfo->numsubsounds       = 1
[LOG] SystemI::createSoundInternal             :     exinfo->inclusionlist      = 0000000011AC5D58
[LOG] SystemI::createSoundInternal             :     exinfo->inclusionlistnum   = 1
[LOG] SystemI::createSoundInternal             :     exinfo->suggestedsoundtype = 5
[LOG] SystemI::createSoundInternal             :     Format has 1 subsounds.
[LOG] SystemI::createSoundInternal             :     Create as FMOD_CREATESTREAM
[LOG] System::createSoundInternal              :     decode buffersize = 19200 : blocksize = 256 : format = 2
[LOG] SystemI::createSample                    :     mode 02012082 length 19200 samples, lengthbytes 25804864
[LOG] SystemI::createSample                    :     channels = 2
[LOG] SystemI::createSample                    :     output = 000000002D6854B8
[LOG] OutputSoftware::createSample             :     lengthpcm 19200, lengthbytes 25804864, channels 2, format 2, freq 48000, mode 0201208a
[LOG] System::createSoundInternal              :     1 subsounds detected.
[LOG] System::createSoundInternal              :     Seek stream to start
[LOG] System::createSoundInternal              :     switch file handle from small blocking single buffered to large nonblocking doublebuffered.
[LOG] SystemI::createSoundInternal             :     done.  OpenState now = FMOD_OPENSTATE_READY.

[LOG] AsyncThread::threadFunc                  : Finished Asynchronous operation on sound 000000002DA20778
[LOG] SoundI::getSubSound                      : sound 000000002DA20778.  Subsound index 0 / 1
[LOG] SoundI::getSubSound                      : starting non blocking seek and setting sound to not ready state
[LOG] SoundI::getSubSound                      : finished preparing nonblocking getSubSound seek
[LOG] AsyncThread::threadFunc                  : Starting Asynchronous operation on sound 000000002DA20E38
[LOG] AsyncThread::threadFunc                  :     done setposition
[LOG] AsyncThread::threadFunc                  :     done flush
[LOG] AsyncThread::threadFunc                  : Finished Asynchronous operation on sound 000000002DA20E38
[LOG] AsyncThread::threadFunc                  : Starting Asynchronous operation on sound 000000002DA20E38
[LOG] AsyncThread::threadFunc                  : Finished Asynchronous operation on sound 000000002DA20E38
[LOG] AsyncThread::threadFunc                  : Starting Asynchronous operation on sound 000000002DA20E38
[LOG] AsyncThread::threadFunc                  : Finished Asynchronous operation on sound 000000002DA20E38
[LOG] AsyncThread::threadFunc                  : Starting Asynchronous operation on sound 000000002DA20E38
[LOG] AsyncThread::threadFunc                  : Finished Asynchronous operation on sound 000000002DA20E38
[LOG] SoundI::release                          : Kuzuyarou (Lvl 2) (000000002DA20778)
[LOG] SoundI::release                          : remove stream samples. (000000002DA20778)
[LOG] SoundI::release                          :     Kuzuyarou (Lvl 2) (000000002D68B868)
[LOG] SoundI::release                          :     done
[LOG] SoundI::release                          : release subsounds. (000000002DA20778)
[LOG] SoundI::release                          :     Kuzuyarou (Lvl 2) (000000002DA20E38)
[LOG] SoundI::release                          :     done
[LOG] SoundI::release                          : release codec. (000000002DA20778)
[LOG] SoundI::release                          : done
[LOG] SystemI::createSound                     : filename = C:\Users\dmf46\Desktop\MyProjects\ProofOfConceptv2\Assets\Knifeheart 5.15.2017\Build\Desktop\Master Bank.bank : mode 02012082
[LOG] SystemI::createSound                     : FMOD_NONBLOCKING specified.  Putting into queue to be opened asynchronously!
[LOG] SystemI::createSound                     : setdata soundi = 000000002DA20928 : node = 0000000011AC5C40
[LOG] SystemI::createSound                     : add node to async list : head = 000000002D68C1D8.  list count = 0
[LOG] AsyncThread::threadFunc                  : Starting Asynchronous operation on sound 000000002DA20928
[LOG] SystemI::createSoundInternal             :     filename = C:\Users\dmf46\Desktop\MyProjects\ProofOfConceptv2\Assets\Knifeheart 5.15.2017\Build\Desktop\Master Bank.bank : mode 02012082
[LOG] SystemI::createSoundInternal             :     exinfo->cbsize             = 232
[LOG] SystemI::createSoundInternal             :     exinfo->length             = 97799744
[LOG] SystemI::createSoundInternal             :     exinfo->fileoffset         = 24736
[LOG] SystemI::createSoundInternal             :     exinfo->numsubsounds       = 1
[LOG] SystemI::createSoundInternal             :     exinfo->inclusionlist      = 0000000011AC5D58
[LOG] SystemI::createSoundInternal             :     exinfo->inclusionlistnum   = 1
[LOG] SystemI::createSoundInternal             :     exinfo->suggestedsoundtype = 5
[LOG] SystemI::createSoundInternal             :     Format has 1 subsounds.
[LOG] SystemI::createSoundInternal             :     Create as FMOD_CREATESTREAM
[LOG] System::createSoundInternal              :     decode buffersize = 19200 : blocksize = 256 : format = 2
[LOG] SystemI::createSample                    :     mode 02012082 length 19200 samples, lengthbytes 4414912
[LOG] SystemI::createSample                    :     channels = 2
[LOG] SystemI::createSample                    :     output = 000000002D6854B8
[LOG] OutputSoftware::createSample             :     lengthpcm 19200, lengthbytes 4414912, channels 2, format 2, freq 48000, mode 0201208a
[LOG] System::createSoundInternal              :     1 subsounds detected.
[LOG] System::createSoundInternal              :     Seek stream to start
[LOG] System::createSoundInternal              :     switch file handle from small blocking single buffered to large nonblocking doublebuffered.
[LOG] SystemI::createSoundInternal             :     done.  OpenState now = FMOD_OPENSTATE_READY.

[LOG] AsyncThread::threadFunc                  : Finished Asynchronous operation on sound 000000002DA20928
[LOG] SoundI::getSubSound                      : sound 000000002DA20928.  Subsound index 0 / 1
[LOG] SoundI::getSubSound                      : starting non blocking seek and setting sound to not ready state
[LOG] SoundI::getSubSound                      : finished preparing nonblocking getSubSound seek
[LOG] AsyncThread::threadFunc                  : Starting Asynchronous operation on sound 000000002DA20AD8
[LOG] AsyncThread::threadFunc                  :     done setposition
[LOG] AsyncThread::threadFunc                  :     done flush
[LOG] AsyncThread::threadFunc                  : Finished Asynchronous operation on sound 000000002DA20AD8
[LOG] AsyncThread::threadFunc                  : Starting Asynchronous operation on sound 000000002DA20AD8
[LOG] AsyncThread::threadFunc                  : Finished Asynchronous operation on sound 000000002DA20AD8
[LOG] AsyncThread::threadFunc                  : Starting Asynchronous operation on sound 000000002DA20AD8
[LOG] AsyncThread::threadFunc                  : Finished Asynchronous operation on sound 000000002DA20AD8
[LOG] SoundI::release                          : Visual Novel1 (000000002DA20928)
[LOG] SoundI::release                          : remove stream samples. (000000002DA20928)
[LOG] SoundI::release                          :     Visual Novel1 (000000002D68BA08)
[LOG] SoundI::release                          :     done
[LOG] SoundI::release                          : release subsounds. (000000002DA20928)
[LOG] SoundI::release                          :     Visual Novel1 (000000002DA20AD8)
[LOG] SoundI::release                          :     done
[LOG] SoundI::release                          : release codec. (000000002DA20928)
[LOG] SoundI::release                          : done
[LOG] SystemI::createSound                     : filename = C:\Users\dmf46\Desktop\MyProjects\ProofOfConceptv2\Assets\Knifeheart 5.15.2017\Build\Desktop\Master Bank.bank : mode 02012082
[LOG] SystemI::createSound                     : FMOD_NONBLOCKING specified.  Putting into queue to be opened asynchronously!
[LOG] SystemI::createSound                     : setdata soundi = 000000002DA20AD8 : node = 0000000011AC5C40
[LOG] SystemI::createSound                     : add node to async list : head = 000000002D68C1D8.  list count = 0
[LOG] AsyncThread::threadFunc                  : Starting Asynchronous operation on sound 000000002DA20AD8
[LOG] SystemI::createSoundInternal             :     filename = C:\Users\dmf46\Desktop\MyProjects\ProofOfConceptv2\Assets\Knifeheart 5.15.2017\Build\Desktop\Master Bank.bank : mode 02012082
[LOG] SystemI::createSoundInternal             :     exinfo->cbsize             = 232
[LOG] SystemI::createSoundInternal             :     exinfo->length             = 97799744
[LOG] SystemI::createSoundInternal             :     exinfo->fileoffset         = 24736
[LOG] SystemI::createSoundInternal             :     exinfo->numsubsounds       = 1
[LOG] SystemI::createSoundInternal             :     exinfo->inclusionlist      = 0000000011AC5D58
[LOG] SystemI::createSoundInternal             :     exinfo->inclusionlistnum   = 1
[LOG] SystemI::createSoundInternal             :     exinfo->suggestedsoundtype = 5
[LOG] SystemI::createSoundInternal             :     Format has 1 subsounds.
[LOG] SystemI::createSoundInternal             :     Create as FMOD_CREATESTREAM
[LOG] System::createSoundInternal              :     decode buffersize = 19200 : blocksize = 256 : format = 2
[LOG] SystemI::createSample                    :     mode 02012082 length 19200 samples, lengthbytes 14511456
[LOG] SystemI::createSample                    :     channels = 2
[LOG] SystemI::createSample                    :     output = 000000002D6854B8
[LOG] OutputSoftware::createSample             :     lengthpcm 19200, lengthbytes 14511456, channels 2, format 2, freq 48000, mode 0201208a
[LOG] System::createSoundInternal              :     1 subsounds detected.
[LOG] System::createSoundInternal              :     Seek stream to start
[LOG] System::createSoundInternal              :     switch file handle from small blocking single buffered to large nonblocking doublebuffered.
[LOG] SystemI::createSoundInternal             :     done.  OpenState now = FMOD_OPENSTATE_READY.

[LOG] AsyncThread::threadFunc                  : Finished Asynchronous operation on sound 000000002DA20AD8
[LOG] SoundI::getSubSound                      : sound 000000002DA20AD8.  Subsound index 0 / 1
[LOG] SoundI::getSubSound                      : starting non blocking seek and setting sound to not ready state
[LOG] SoundI::getSubSound                      : finished preparing nonblocking getSubSound seek
[LOG] AsyncThread::threadFunc                  : Starting Asynchronous operation on sound 000000002DA20C88
[LOG] AsyncThread::threadFunc                  :     done setposition
[LOG] AsyncThread::threadFunc                  :     done flush
[LOG] AsyncThread::threadFunc                  : Finished Asynchronous operation on sound 000000002DA20C88
[LOG] AsyncThread::threadFunc                  : Starting Asynchronous operation on sound 000000002DA20C88
[LOG] AsyncThread::threadFunc                  : Finished Asynchronous operation on sound 000000002DA20C88
[LOG] AsyncThread::threadFunc                  : Starting Asynchronous operation on sound 000000002DA20C88
[LOG] AsyncThread::threadFunc                  : Finished Asynchronous operation on sound 000000002DA20C88
[LOG] SoundI::release                          : Final Battle Parking Lot1 (2) (000000002DA20AD8)
[LOG] SoundI::release                          : remove stream samples. (000000002DA20AD8)
[LOG] SoundI::release                          :     Final Battle Parking Lot1 (2) (000000002D68BA08)
[LOG] SoundI::release                          :     done
[LOG] SoundI::release                          : release subsounds. (000000002DA20AD8)
[LOG] SoundI::release                          :     Final Battle Parking Lot1 (2) (000000002DA20C88)
[LOG] SoundI::release                          :     done
[LOG] SoundI::release                          : release codec. (000000002DA20AD8)
[LOG] SoundI::release                          : done
[LOG] SystemI::createSound                     : filename = C:\Users\dmf46\Desktop\MyProjects\ProofOfConceptv2\Assets\Knifeheart 5.15.2017\Build\Desktop\Master Bank.bank : mode 02012082
[LOG] SystemI::createSound                     : FMOD_NONBLOCKING specified.  Putting into queue to be opened asynchronously!
[LOG] SystemI::createSound                     : setdata soundi = 000000002DA20268 : node = 0000000011AC5C40
[LOG] SystemI::createSound                     : add node to async list : head = 000000002D68C1D8.  list count = 0
[LOG] AsyncThread::threadFunc                  : Starting Asynchronous operation on sound 000000002DA20268
[LOG] SystemI::createSoundInternal             :     filename = C:\Users\dmf46\Desktop\MyProjects\ProofOfConceptv2\Assets\Knifeheart 5.15.2017\Build\Desktop\Master Bank.bank : mode 02012082
[LOG] SystemI::createSoundInternal             :     exinfo->cbsize             = 232
[LOG] SystemI::createSoundInternal             :     exinfo->length             = 97799744
[LOG] SystemI::createSoundInternal             :     exinfo->fileoffset         = 24736
[LOG] SystemI::createSoundInternal             :     exinfo->numsubsounds       = 1
[LOG] SystemI::createSoundInternal             :     exinfo->inclusionlist      = 0000000011AC5D58
[LOG] SystemI::createSoundInternal             :     exinfo->inclusionlistnum   = 1
[LOG] SystemI::createSoundInternal             :     exinfo->suggestedsoundtype = 5
[LOG] SystemI::createSoundInternal             :     Format has 1 subsounds.
[LOG] SystemI::createSoundInternal             :     Create as FMOD_CREATESTREAM
[LOG] System::createSoundInternal              :     decode buffersize = 19200 : blocksize = 256 : format = 2
[LOG] SystemI::createSample                    :     mode 02012082 length 19200 samples, lengthbytes 13897216
[LOG] SystemI::createSample                    :     channels = 2
[LOG] SystemI::createSample                    :     output = 000000002D6854B8
[LOG] OutputSoftware::createSample             :     lengthpcm 19200, lengthbytes 13897216, channels 2, format 2, freq 48000, mode 0201208a
[LOG] System::createSoundInternal              :     1 subsounds detected.
[LOG] System::createSoundInternal              :     Seek stream to start
[LOG] System::createSoundInternal              :     switch file handle from small blocking single buffered to large nonblocking doublebuffered.
[LOG] SystemI::createSoundInternal             :     done.  OpenState now = FMOD_OPENSTATE_READY.

[LOG] AsyncThread::threadFunc                  : Finished Asynchronous operation on sound 000000002DA20268
[LOG] SoundI::getSubSound                      : sound 000000002DA20268.  Subsound index 0 / 1
[LOG] SoundI::getSubSound                      : starting non blocking seek and setting sound to not ready state
[LOG] SoundI::getSubSound                      : finished preparing nonblocking getSubSound seek
[LOG] AsyncThread::threadFunc                  : Starting Asynchronous operation on sound 000000002DA20418
[LOG] AsyncThread::threadFunc                  :     done setposition
[LOG] AsyncThread::threadFunc                  :     done flush
[LOG] AsyncThread::threadFunc                  : Finished Asynchronous operation on sound 000000002DA20418
[LOG] AsyncThread::threadFunc                  : Starting Asynchronous operation on sound 000000002DA20418
[LOG] AsyncThread::threadFunc                  : Finished Asynchronous operation on sound 000000002DA20418
[LOG] AsyncThread::threadFunc                  : Starting Asynchronous operation on sound 000000002DA20418
[LOG] AsyncThread::threadFunc                  : Finished Asynchronous operation on sound 000000002DA20418
[LOG] SoundI::release                          : Final Battle Hell 2 (2) (000000002DA20268)
[LOG] SoundI::release                          : remove stream samples. (000000002DA20268)
[LOG] SoundI::release                          :     Final Battle Hell 2 (2) (000000002D68BEE8)
[LOG] SoundI::release                          :     done
[LOG] SoundI::release                          : release subsounds. (000000002DA20268)
[LOG] SoundI::release                          :     Final Battle Hell 2 (2) (000000002DA20418)
[LOG] SoundI::release                          :     done
[LOG] SoundI::release                          : release codec. (000000002DA20268)
[LOG] SoundI::release                          : done
[LOG] SoundI::release                          :  (000000002DAB72C8)
[LOG] SoundI::release                          : release subsounds. (000000002DAB72C8)
[LOG] SoundI::release                          :     End of Battle1 (000000001D9BE0C8)
[LOG] SoundI::release                          :     done
[LOG] SoundI::release                          : release codec. (000000002DAB72C8)
[LOG] SoundI::release                          : done
[LOG] SoundI::release                          :  (000000002DAB6A28)
[LOG] SoundI::release                          : release subsounds. (000000002DAB6A28)
[LOG] SoundI::release                          :     Final Battle First.1 (000000001D9BE268)
[LOG] SoundI::release                          :     done
[LOG] SoundI::release                          : release codec. (000000002DAB6A28)
[LOG] SoundI::release                          : done
[LOG] SoundI::release                          :  (000000002DAB6FE8)
[LOG] SoundI::release                          : release subsounds. (000000002DAB6FE8)
[LOG] SoundI::release                          :     Final Battle Hell Transition {31677c29-0f25-4a09-9076-eebe6719bd90} (000000002D2671B8)
[LOG] SoundI::release                          :     done
[LOG] SoundI::release                          : release codec. (000000002DAB6FE8)
[LOG] SoundI::release                          : done
[LOG] SoundI::release                          :  (000000002DAB8408)
[LOG] SoundI::release                          : release subsounds. (000000002DAB8408)
[LOG] SoundI::release                          :     To Parking Lot2 (2) (000000002D267358)
[LOG] SoundI::release                          :     done
[LOG] SoundI::release                          : release codec. (000000002DAB8408)
[LOG] SoundI::release                          : done
[LOG] SoundI::release                          :  (000000002DAB6B98)
[LOG] SoundI::release                          : release subsounds. (000000002DAB6B98)
[LOG] SoundI::release                          :     Out of Battle 2 (000000001D9BE408)
[LOG] SoundI::release                          :     done
[LOG] SoundI::release                          : release codec. (000000002DAB6B98)
[LOG] SoundI::release                          : done
[LOG] SoundI::release                          :  (000000002DAB7CD8)
[LOG] SoundI::release                          : release subsounds. (000000002DAB7CD8)
[LOG] SoundI::release                          :     start battle sting2 (000000001D9BDF28)
[LOG] SoundI::release                          :     done
[LOG] SoundI::release                          : release codec. (000000002DAB7CD8)
[LOG] SoundI::release                          : done
[LOG] SoundI::release                          :  (000000002DAB7158)
[LOG] SoundI::release                          : release subsounds. (000000002DAB7158)
[LOG] SoundI::release                          :     Out of Battle1b (000000001D9BDD88)
[LOG] SoundI::release                          :     done
[LOG] SoundI::release                          : release codec. (000000002DAB7158)
[LOG] SoundI::release                          : done
[LOG] Thread::callback                         : FMOD Studio bank load thread finished.
[LOG] Thread::callback                         : FMOD Studio sample load thread finished.
[LOG] LiveUpdate::release                      : 
[LOG] LiveUpdate::reset                        : Reset connection (reason Disconnected)
[LOG] SystemI::close                           : 
[LOG] SystemI::close                           : Stop all sounds
[LOG] Thread::callback                         : FMOD stream thread finished.
[LOG] SystemI::close                           : Stream thread destroyed
[LOG] Thread::callback                         : FMOD mixer thread finished.
[LOG] SystemI::close                           : Free master channel group.
[LOG] SystemI::close                           : Remove 'master' sound group.
[LOG] SystemI::close                           : Free software output.
[LOG] SystemI::close                           : Free emulated output.
[LOG] SystemI::close                           : Free channel pool.
[LOG] Thread::callback                         : FMOD nonblocking thread (0) finished.
[LOG] Thread::callback                         : FMOD file thread finished.
[LOG] SystemI::close                           : done.

[LOG] System::create                           : Header version = 1.09.04. Current version = 1.09.04.
